<?xml version="1.0" encoding="UTF-8"?>
<!-- Generated by org.testng.reporters.JUnitReportReporter -->
<testsuite hostname="SouravMittal" failures="0" tests="1" name="Company.MyDemoCommitToGithub" time="0.120" errors="0" timestamp="2025-02-04T11:08:36 IST" skipped="0">
  <testcase classname="Company.MyDemoCommitToGithub" name="Demo" time="0.120"/>
  <system-out>
    <![CDATA[The amarender bahubali]]>
  </system-out>
</testsuite> <!-- Company.MyDemoCommitToGithub -->
